<?xml version="1.0" encoding="UTF-8"?>
<testsuite xmlns:xsi="http://www.w3.org/2001/XMLSchema-instance" xsi:noNamespaceSchemaLocation="https://maven.apache.org/surefire/maven-surefire-plugin/xsd/surefire-test-report-3.0.xsd" version="3.0" name="org.example.academic.system.LoggingInfrastructureTest" time="0.006" tests="2" errors="0" skipped="0" failures="0">
  <properties>
[...]
</properties>
  <testcase name="logMessagesShouldNotThrow" classname="org.example.academic.system.LoggingInfrastructureTest" time="0.003">
    <system-err><![CDATA[2026-06-27 21:14:47 INFO org.example.academic.system.LoggingInfrastructureTest - infra de logging ok
2026-06-27 21:14:47 WARNING org.example.academic.system.LoggingInfrastructureTest - evento de aviso
]]></system-err>
  </testcase>
  <testcase name="loggerCanBeCreated" classname="org.example.academic.system.LoggingInfrastructureTest" time="0.001"/>
</testsuite>